mod: 10
Keys:       16 bytes each
Values:     100 bytes each (50 bytes after compression)
Entries:    10000000
RawSize:    1106.3 MB (estimated)
FileSize:   629.4 MB (estimated)
------------------------------------------------
fillrandom   :       2.124 micros/op;   52.1 MB/s;    21.240
readrandom   :       2.292 micros/op;   48.3 MB/s (9999996 of 10000000 found);    22.915
--------------------------------------------------
memtable stall time: 0.222905 s
L0 stall time: 0  s
L0 slow stall time: 11.5702  s
--------------------------------------------------
Total compaction WA: 1.09706
Remain disk data:259
Write data in disk:2931.11
Timer 0: 818427200 : 0.818427200
Timer 1: 518190016 : 0.518190016
Timer 2: 13692490 : 0.013692490
Timer 3: 16994260 : 0.016994260
Timer 4: 0 : 0.000000000
Timer 5: 9296826 : 0.009296826
Timer 6: 8720294912 : 8.720294912
Timer 7: 20798318592 : 20.798318592
Timer 8: 482652064 : 0.482652064
Timer 9: 0 : 0.000000000
Timer 10: 0 : 0.000000000
Timer 11: 7305998848 : 7.305998848
Timer 12: 4024303616 : 4.024303616
Timer 13: 12335104000 : 12.335104000
Timer 14: 4828369920 : 4.828369920
Timer 15: 165035760 : 0.165035760
Timer 16: 3754776832 : 3.754776832
Timer 17: 1746988416 : 1.746988416
Timer 18: 3377382656 : 3.377382656
Timer 19: 0 : 0.000000000
Counter BaselineNegative 39622656 0 0 39622656 0 0 0 0 0
32133 0 0 32133 0 0 0 0 0
Counter LLSMNegative -2147483648 0 0 2603280384 2048 0 0 0 0
4169863 0 0 4169859 4 0 0 0 0
Counter BaselinePositive 12767232 0 0 7559168 5208064 0 0 0 0
10039 0 0 6072 3967 0 0 0 0
Counter LLSMPositive -2147483648 0 0 1123141632 5600868352 0 0 0 0
9903409 0 0 1804972 8098437 0 0 0 0

                               Compactions
Level  Files  Size(MB) Time(sec) M_Time(micros) Read(MB) Write(MB)  M_Read(MB) M_Write(MB) Count  WA 
----------------------------------------------------------------------------------------------------- 
  0         0         0        2         0           0        372          0         0     138  1.00
  1         0         0        4    191242         406        397         21        22      19  0.98
  2         1        36       13    255623        2042       1939         36        37      24  0.95
  3         2       223        0         0         223        223         94        94       2  1.00

